<?xml version="1.0" encoding="UTF-8"?>
<testng-results ignored="18" total="19" passed="1" failed="0" skipped="0">
  <reporter-output>
  </reporter-output>
  <suite started-at="2023-09-11T15:27:31 IST" name="Default suite" finished-at="2023-09-11T15:28:10 IST" duration-ms="38528">
    <groups>
    </groups>
    <test started-at="2023-09-11T15:27:31 IST" name="Default test" finished-at="2023-09-11T15:28:10 IST" duration-ms="38528">
      <class name="com.orangehrm.testcases.MyinfoPageTest">
        <test-method is-config="true" signature="browserSetup()[pri:0, instance:com.orangehrm.testcases.MyinfoPageTest@1a6d8329]" started-at="2023-09-11T15:27:31 IST" name="browserSetup" finished-at="2023-09-11T15:27:53 IST" duration-ms="21221" status="PASS">
          <reporter-output>
          </reporter-output>
        </test-method> <!-- browserSetup -->
        <test-method signature="validate_filldetails()[pri:0, instance:com.orangehrm.testcases.MyinfoPageTest@1a6d8329]" started-at="2023-09-11T15:27:53 IST" name="validate_filldetails" finished-at="2023-09-11T15:28:10 IST" duration-ms="17131" status="PASS">
          <reporter-output>
          </reporter-output>
        </test-method> <!-- validate_filldetails -->
        <test-method is-config="true" signature="closeSetup()[pri:0, instance:com.orangehrm.testcases.MyinfoPageTest@1a6d8329]" started-at="2023-09-11T15:28:10 IST" name="closeSetup" finished-at="2023-09-11T15:28:10 IST" duration-ms="96" status="PASS">
          <reporter-output>
          </reporter-output>
        </test-method> <!-- closeSetup -->
      </class> <!-- com.orangehrm.testcases.MyinfoPageTest -->
    </test> <!-- Default test -->
  </suite> <!-- Default suite -->
</testng-results>
